<?xml version="1.0" encoding="UTF-8"?>
<!-- Generated by org.testng.reporters.JUnitReportReporter -->
<testsuite skipped="0" hostname="DESKTOP-077RDC3" name="com.wallethub.testCases.TC_wallethub_review_002" tests="1" failures="0" timestamp="28 Apr 2020 11:06:37 GMT" time="23.518" errors="0">
  <testcase name="loginTest" time="23.518" classname="com.wallethub.testCases.TC_wallethub_review_002"/>
</testsuite> <!-- com.wallethub.testCases.TC_wallethub_review_002 -->
