<?xml version="1.0" encoding="UTF-8"?>
<!-- Generated by org.testng.reporters.JUnitReportReporter -->
<testsuite skipped="0" hostname="DESKTOP-077RDC3" name="com.wellethub.testCases.TC_LoginTest_001" tests="1" failures="0" timestamp="27 Apr 2020 16:42:47 GMT" time="17.995" errors="0">
  <testcase name="loginTest" time="17.995" classname="com.wellethub.testCases.TC_LoginTest_001"/>
</testsuite> <!-- com.wellethub.testCases.TC_LoginTest_001 -->
